<?xml version="1.0" encoding="UTF-8"?>
<testng-results ignored="0" total="1" passed="1" failed="0" skipped="0">
  <reporter-output>
  </reporter-output>
  <suite started-at="2022-10-21T19:31:37 IST" name="Default suite" finished-at="2022-10-21T19:32:17 IST" duration-ms="39992">
    <groups>
    </groups>
    <test started-at="2022-10-21T19:31:37 IST" name="Default test" finished-at="2022-10-21T19:32:17 IST" duration-ms="39992">
      <class name="main.browser">
        <test-method is-config="true" signature="invoke()[pri:0, instance:main.browser@316bcf94]" started-at="2022-10-21T19:31:37 IST" name="invoke" finished-at="2022-10-21T19:31:52 IST" duration-ms="14817" status="PASS">
          <reporter-output>
          </reporter-output>
        </test-method> <!-- invoke -->
        <test-method signature="login()[pri:0, instance:main.browser@316bcf94]" started-at="2022-10-21T19:31:52 IST" name="login" finished-at="2022-10-21T19:32:15 IST" duration-ms="23494" status="PASS">
          <reporter-output>
          </reporter-output>
        </test-method> <!-- login -->
        <test-method is-config="true" signature="close()[pri:0, instance:main.browser@316bcf94]" started-at="2022-10-21T19:32:15 IST" name="close" finished-at="2022-10-21T19:32:17 IST" duration-ms="1596" status="PASS">
          <reporter-output>
          </reporter-output>
        </test-method> <!-- close -->
      </class> <!-- main.browser -->
    </test> <!-- Default test -->
  </suite> <!-- Default suite -->
</testng-results>
